Build started 1/28/2013 3:07:34 PM.
     1>Project "C:\Users\darrell\Documents\Visual Studio 2010\Projects\XFileDemo\XFileDemo\XFileDemo.vcxproj" on node 2 (build target(s)).
     1>InitializeBuildStatus:
         Touching "Debug\XFileDemo.unsuccessfulbuild".
       ClCompile:
         c:\Program Files (x86)\Microsoft Visual Studio 10.0\VC\bin\CL.exe /c /ZI /nologo /W3 /WX- /Od /Oy- /D WIN32 /D _DEBUG /D _WINDOWS /D _MBCS /Gm /EHsc /RTC1 /MDd /GS /fp:precise /Zc:wchar_t /Zc:forScope /Fo"Debug\\" /Fd"Debug\vc100.pdb" /Gd /TP /analyze- /errorReport:prompt XFileDemo.cpp
         XFileDemo.cpp
     1>c:\users\darrell\documents\visual studio 2010\projects\xfiledemo\xfiledemo\xfiledemo.cpp(126): warning C4018: '<' : signed/unsigned mismatch
     1>c:\users\darrell\documents\visual studio 2010\projects\xfiledemo\xfiledemo\xfiledemo.cpp(220): warning C4018: '<' : signed/unsigned mismatch
       ManifestResourceCompile:
         C:\Program Files (x86)\Microsoft SDKs\Windows\v7.0A\bin\rc.exe /nologo /fo"Debug\XFileDemo.exe.embed.manifest.res" Debug\XFileDemo_manifest.rc 
       Link:
         c:\Program Files (x86)\Microsoft Visual Studio 10.0\VC\bin\link.exe /ERRORREPORT:PROMPT /OUT:"C:\Users\darrell\Documents\Visual Studio 2010\Projects\XFileDemo\XFileDemo\Debug\XFileDemo.exe" /INCREMENTAL /NOLOGO d3d9.lib d3dx9d.lib dxguid.lib DxErr.lib dinput8.lib kernel32.lib user32.lib gdi32.lib winspool.lib comdlg32.lib advapi32.lib shell32.lib ole32.lib oleaut32.lib uuid.lib odbc32.lib odbccp32.lib /MANIFEST /ManifestFile:"Debug\XFileDemo.exe.intermediate.manifest" /MANIFESTUAC:"level='asInvoker' uiAccess='false'" /DEBUG /PDB:"C:\Users\darrell\Documents\Visual Studio 2010\Projects\XFileDemo\XFileDemo\Debug\XFileDemo.pdb" /SUBSYSTEM:WINDOWS /TLBID:1 /DYNAMICBASE:NO /IMPLIB:"C:\Users\darrell\Documents\Visual Studio 2010\Projects\XFileDemo\XFileDemo\Debug\XFileDemo.lib" /MACHINE:X86 Debug\XFileDemo.exe.embed.manifest.res
         Debug\d3dApp.obj
         Debug\d3dUtil.obj
         Debug\DirectInput.obj
         Debug\GfxStats.obj
         Debug\Vertex.obj
         Debug\XFileDemo.obj
       Manifest:
         C:\Program Files (x86)\Microsoft SDKs\Windows\v7.0A\bin\mt.exe /nologo /verbose /out:"Debug\XFileDemo.exe.embed.manifest" /manifest Debug\XFileDemo.exe.intermediate.manifest
         C:\Program Files (x86)\Microsoft SDKs\Windows\v7.0A\bin\rc.exe /nologo /fo"Debug\XFileDemo.exe.embed.manifest.res" Debug\XFileDemo_manifest.rc 
       LinkEmbedManifest:
         c:\Program Files (x86)\Microsoft Visual Studio 10.0\VC\bin\link.exe /ERRORREPORT:PROMPT /OUT:"C:\Users\darrell\Documents\Visual Studio 2010\Projects\XFileDemo\XFileDemo\Debug\XFileDemo.exe" /INCREMENTAL /NOLOGO d3d9.lib d3dx9d.lib dxguid.lib DxErr.lib dinput8.lib kernel32.lib user32.lib gdi32.lib winspool.lib comdlg32.lib advapi32.lib shell32.lib ole32.lib oleaut32.lib uuid.lib odbc32.lib odbccp32.lib /MANIFEST /ManifestFile:"Debug\XFileDemo.exe.intermediate.manifest" /MANIFESTUAC:"level='asInvoker' uiAccess='false'" /DEBUG /PDB:"C:\Users\darrell\Documents\Visual Studio 2010\Projects\XFileDemo\XFileDemo\Debug\XFileDemo.pdb" /SUBSYSTEM:WINDOWS /TLBID:1 /DYNAMICBASE:NO /IMPLIB:"C:\Users\darrell\Documents\Visual Studio 2010\Projects\XFileDemo\XFileDemo\Debug\XFileDemo.lib" /MACHINE:X86 Debug\XFileDemo.exe.embed.manifest.res
         Debug\d3dApp.obj
         Debug\d3dUtil.obj
         Debug\DirectInput.obj
         Debug\GfxStats.obj
         Debug\Vertex.obj
         Debug\XFileDemo.obj
         XFileDemo.vcxproj -> C:\Users\darrell\Documents\Visual Studio 2010\Projects\XFileDemo\XFileDemo\Debug\XFileDemo.exe
       FinalizeBuildStatus:
         Deleting file "Debug\XFileDemo.unsuccessfulbuild".
         Touching "Debug\XFileDemo.lastbuildstate".
     1>Done Building Project "C:\Users\darrell\Documents\Visual Studio 2010\Projects\XFileDemo\XFileDemo\XFileDemo.vcxproj" (build target(s)).

Build succeeded.

Time Elapsed 00:00:07.04
